<?xml version="1.0" encoding="UTF-8"?>
<testng-results ignored="0" total="1" passed="1" failed="0" skipped="0">
  <reporter-output>
  </reporter-output>
  <suite started-at="2023-11-11T01:04:59 IST" name="Default suite" finished-at="2023-11-11T01:05:08 IST" duration-ms="9524">
    <groups>
    </groups>
    <test started-at="2023-11-11T01:04:59 IST" name="Default test" finished-at="2023-11-11T01:05:08 IST" duration-ms="9524">
      <class name="utility.NewTest">
        <test-method signature="f()[pri:0, instance:utility.NewTest@82de64a]" started-at="2023-11-11T01:04:59 IST" name="f" finished-at="2023-11-11T01:05:08 IST" duration-ms="9443" status="PASS">
          <reporter-output>
          </reporter-output>
        </test-method> <!-- f -->
      </class> <!-- utility.NewTest -->
    </test> <!-- Default test -->
  </suite> <!-- Default suite -->
</testng-results>
